<?xml version="1.0" encoding="UTF-8"?>
<!-- Generated by org.testng.reporters.JUnitXMLReporter -->
<testsuite ignored="0" hostname="DESKTOP-FOGSK9I" failures="1" tests="1" name="Test" time="5.075" errors="0" timestamp="2021-12-28T18:41:37 IST">
  <testcase classname="com.testNG_file.Time_Out_Test" name="demo" time="5.021">
    <failure type="org.testng.internal.thread.ThreadTimeoutException" message="Method com.testNG_file.Time_Out_Test.demo() didn&amp;apos;t finish within the time-out 5000">
      <![CDATA[org.testng.internal.thread.ThreadTimeoutException: Method com.testNG_file.Time_Out_Test.demo() didn't finish within the time-out 5000
at java.base/java.util.ArrayList.forEach(ArrayList.java:1511)
... Removed 24 stack frames]]>
    </failure>
  </testcase> <!-- demo -->
</testsuite> <!-- Test -->
